<?xml version="1.0" encoding="UTF-8"?>
<coverage generated="1572224868873" clover="3.2.0">
  <project timestamp="1572224868873" name="All files">
    <metrics statements="33" coveredstatements="33" conditionals="17" coveredconditionals="17" methods="2" coveredmethods="2" elements="52" coveredelements="52" complexity="0" loc="33" ncloc="33" packages="1" files="1" classes="1"/>
    <file name="index.js" path="/mnt/d/dev/projects/rollup-plugin-scrub/dist/index.js">
      <metrics statements="33" coveredstatements="33" conditionals="17" coveredconditionals="17" methods="2" coveredmethods="2"/>
      <line num="3" count="4" type="stmt"/>
      <line num="5" count="4" type="cond" truecount="1" falsecount="0"/>
      <line num="6" count="4" type="stmt"/>
      <line num="7" count="4" type="cond" truecount="2" falsecount="0"/>
      <line num="8" count="1" type="stmt"/>
      <line num="10" count="4" type="cond" truecount="2" falsecount="0"/>
      <line num="11" count="1" type="stmt"/>
      <line num="13" count="4" type="stmt"/>
      <line num="14" count="4" type="stmt"/>
      <line num="17" count="8" type="cond" truecount="2" falsecount="0"/>
      <line num="18" count="2" type="stmt"/>
      <line num="20" count="6" type="stmt"/>
      <line num="21" count="6" type="stmt"/>
      <line num="22" count="6" type="stmt"/>
      <line num="23" count="180" type="stmt"/>
      <line num="24" count="180" type="stmt"/>
      <line num="25" count="178" type="cond" truecount="2" falsecount="0"/>
      <line num="26" count="6" type="stmt"/>
      <line num="27" count="6" type="stmt"/>
      <line num="28" count="6" type="stmt"/>
      <line num="29" count="6" type="stmt"/>
      <line num="31" count="172" type="cond" truecount="2" falsecount="0"/>
      <line num="32" count="2" type="stmt"/>
      <line num="33" count="2" type="stmt"/>
      <line num="34" count="2" type="stmt"/>
      <line num="35" count="2" type="stmt"/>
      <line num="38" count="180" type="cond" truecount="2" falsecount="0"/>
      <line num="39" count="172" type="cond" truecount="2" falsecount="0"/>
      <line num="40" count="164" type="stmt"/>
      <line num="42" count="172" type="cond" truecount="2" falsecount="0"/>
      <line num="43" count="30" type="stmt"/>
      <line num="47" count="6" type="stmt"/>
      <line num="52" count="4" type="stmt"/>
    </file>
  </project>
</coverage>
