{"/mnt/d/dev/projects/rollup-plugin-scrub/dist/index.js": {"path":"/mnt/d/dev/projects/rollup-plugin-scrub/dist/index.js","statementMap":{"0":{"start":{"line":3,"column":24},"end":{"line":3,"column":53}},"1":{"start":{"line":5,"column":14},"end":{"line":50,"column":1}},"2":{"start":{"line":6,"column":19},"end":{"line":6,"column":83}},"3":{"start":{"line":7,"column":4},"end":{"line":9,"column":5}},"4":{"start":{"line":8,"column":8},"end":{"line":8,"column":26}},"5":{"start":{"line":10,"column":4},"end":{"line":12,"column":5}},"6":{"start":{"line":11,"column":8},"end":{"line":11,"column":49}},"7":{"start":{"line":13,"column":21},"end":{"line":13,"column":28}},"8":{"start":{"line":14,"column":4},"end":{"line":49,"column":6}},"9":{"start":{"line":17,"column":12},"end":{"line":19,"column":13}},"10":{"start":{"line":18,"column":16},"end":{"line":18,"column":23}},"11":{"start":{"line":20,"column":35},"end":{"line":20,"column":37}},"12":{"start":{"line":21,"column":29},"end":{"line":21,"column":68}},"13":{"start":{"line":22,"column":12},"end":{"line":46,"column":13}},"14":{"start":{"line":23,"column":28},"end":{"line":23,"column":33}},"15":{"start":{"line":24,"column":16},"end":{"line":37,"column":17}},"16":{"start":{"line":25,"column":20},"end":{"line":36,"column":21}},"17":{"start":{"line":26,"column":24},"end":{"line":26,"column":37}},"18":{"start":{"line":27,"column":24},"end":{"line":27,"column":49}},"19":{"start":{"line":28,"column":24},"end":{"line":28,"column":65}},"20":{"start":{"line":29,"column":24},"end":{"line":29,"column":30}},"21":{"start":{"line":31,"column":25},"end":{"line":36,"column":21}},"22":{"start":{"line":32,"column":24},"end":{"line":32,"column":37}},"23":{"start":{"line":33,"column":24},"end":{"line":33,"column":50}},"24":{"start":{"line":34,"column":24},"end":{"line":34,"column":53}},"25":{"start":{"line":35,"column":24},"end":{"line":35,"column":30}},"26":{"start":{"line":38,"column":16},"end":{"line":45,"column":17}},"27":{"start":{"line":39,"column":20},"end":{"line":41,"column":21}},"28":{"start":{"line":40,"column":24},"end":{"line":40,"column":50}},"29":{"start":{"line":42,"column":20},"end":{"line":44,"column":21}},"30":{"start":{"line":43,"column":24},"end":{"line":43,"column":50}},"31":{"start":{"line":47,"column":12},"end":{"line":47,"column":45}},"32":{"start":{"line":52,"column":0},"end":{"line":52,"column":23}}},"fnMap":{"0":{"name":"(anonymous_0)","decl":{"start":{"line":5,"column":14},"end":{"line":5,"column":15}},"loc":{"start":{"line":5,"column":32},"end":{"line":50,"column":1}},"line":5},"1":{"name":"(anonymous_1)","decl":{"start":{"line":16,"column":19},"end":{"line":16,"column":20}},"loc":{"start":{"line":16,"column":33},"end":{"line":48,"column":9}},"line":16}},"branchMap":{"0":{"loc":{"start":{"line":5,"column":15},"end":{"line":5,"column":27}},"type":"default-arg","locations":[{"start":{"line":5,"column":25},"end":{"line":5,"column":27}}],"line":5},"1":{"loc":{"start":{"line":7,"column":4},"end":{"line":9,"column":5}},"type":"if","locations":[{"start":{"line":7,"column":4},"end":{"line":9,"column":5}},{"start":{"line":7,"column":4},"end":{"line":9,"column":5}}],"line":7},"2":{"loc":{"start":{"line":10,"column":4},"end":{"line":12,"column":5}},"type":"if","locations":[{"start":{"line":10,"column":4},"end":{"line":12,"column":5}},{"start":{"line":10,"column":4},"end":{"line":12,"column":5}}],"line":10},"3":{"loc":{"start":{"line":17,"column":12},"end":{"line":19,"column":13}},"type":"if","locations":[{"start":{"line":17,"column":12},"end":{"line":19,"column":13}},{"start":{"line":17,"column":12},"end":{"line":19,"column":13}}],"line":17},"4":{"loc":{"start":{"line":25,"column":20},"end":{"line":36,"column":21}},"type":"if","locations":[{"start":{"line":25,"column":20},"end":{"line":36,"column":21}},{"start":{"line":25,"column":20},"end":{"line":36,"column":21}}],"line":25},"5":{"loc":{"start":{"line":31,"column":25},"end":{"line":36,"column":21}},"type":"if","locations":[{"start":{"line":31,"column":25},"end":{"line":36,"column":21}},{"start":{"line":31,"column":25},"end":{"line":36,"column":21}}],"line":31},"6":{"loc":{"start":{"line":38,"column":16},"end":{"line":45,"column":17}},"type":"if","locations":[{"start":{"line":38,"column":16},"end":{"line":45,"column":17}},{"start":{"line":38,"column":16},"end":{"line":45,"column":17}}],"line":38},"7":{"loc":{"start":{"line":39,"column":20},"end":{"line":41,"column":21}},"type":"if","locations":[{"start":{"line":39,"column":20},"end":{"line":41,"column":21}},{"start":{"line":39,"column":20},"end":{"line":41,"column":21}}],"line":39},"8":{"loc":{"start":{"line":42,"column":20},"end":{"line":44,"column":21}},"type":"if","locations":[{"start":{"line":42,"column":20},"end":{"line":44,"column":21}},{"start":{"line":42,"column":20},"end":{"line":44,"column":21}}],"line":42}},"s":{"0":4,"1":4,"2":4,"3":4,"4":1,"5":4,"6":1,"7":4,"8":4,"9":8,"10":2,"11":6,"12":6,"13":6,"14":180,"15":180,"16":178,"17":6,"18":6,"19":6,"20":6,"21":172,"22":2,"23":2,"24":2,"25":2,"26":180,"27":172,"28":164,"29":172,"30":30,"31":6,"32":4},"f":{"0":4,"1":8},"b":{"0":[1],"1":[1,3],"2":[1,3],"3":[2,6],"4":[6,172],"5":[2,170],"6":[172,8],"7":[164,8],"8":[30,142]},"_coverageSchema":"43e27e138ebf9cfc5966b082cf9a028302ed4184","hash":"9325de245e911ea1db7729de869e05d26e38a3cf"}
}
