TN:
SF:/mnt/d/dev/projects/rollup-plugin-scrub/dist/index.js
FN:5,(anonymous_0)
FN:16,(anonymous_1)
FNF:2
FNH:2
FNDA:4,(anonymous_0)
FNDA:8,(anonymous_1)
DA:3,4
DA:5,4
DA:6,4
DA:7,4
DA:8,1
DA:10,4
DA:11,1
DA:13,4
DA:14,4
DA:17,8
DA:18,2
DA:20,6
DA:21,6
DA:22,6
DA:23,180
DA:24,180
DA:25,178
DA:26,6
DA:27,6
DA:28,6
DA:29,6
DA:31,172
DA:32,2
DA:33,2
DA:34,2
DA:35,2
DA:38,180
DA:39,172
DA:40,164
DA:42,172
DA:43,30
DA:47,6
DA:52,4
LF:33
LH:33
BRDA:5,0,0,1
BRDA:7,1,0,1
BRDA:7,1,1,3
BRDA:10,2,0,1
BRDA:10,2,1,3
BRDA:17,3,0,2
BRDA:17,3,1,6
BRDA:25,4,0,6
BRDA:25,4,1,172
BRDA:31,5,0,2
BRDA:31,5,1,170
BRDA:38,6,0,172
BRDA:38,6,1,8
BRDA:39,7,0,164
BRDA:39,7,1,8
BRDA:42,8,0,30
BRDA:42,8,1,142
BRF:17
BRH:17
end_of_record
